<?xml version="1.0" encoding="UTF-8"?>
<testng-results ignored="0" total="1" passed="1" failed="0" skipped="0">
  <reporter-output>
  </reporter-output>
  <suite started-at="2024-11-15T13:42:29 IST" name="Surefire suite" finished-at="2024-11-15T13:42:34 IST" duration-ms="4865">
    <groups>
      <group name="cucumber">
        <method signature="AbstractTestNGCucumberTests.runScenario(io.cucumber.testng.PickleWrapper,io.cucumber.testng.FeatureWrapper)[pri:0, instance:runner.Test_runner@7e0b85f9]" name="runScenario" class="io.cucumber.testng.AbstractTestNGCucumberTests"/>
      </group> <!-- cucumber -->
    </groups>
    <test started-at="2024-11-15T13:42:29 IST" name="Surefire test" finished-at="2024-11-15T13:42:34 IST" duration-ms="4865">
      <class name="runner.Test_runner">
        <test-method is-config="true" signature="setUpClass(org.testng.ITestContext)[pri:0, instance:runner.Test_runner@7e0b85f9]" started-at="2024-11-15T13:42:29 IST" name="setUpClass" finished-at="2024-11-15T13:42:30 IST" duration-ms="631" status="PASS">
          <params>
            <param index="0">
              <value>
                <![CDATA[org.testng.TestRunner@5875de6a]]>
              </value>
            </param>
          </params>
          <reporter-output>
          </reporter-output>
        </test-method> <!-- setUpClass -->
        <test-method signature="runScenario(io.cucumber.testng.PickleWrapper,io.cucumber.testng.FeatureWrapper)[pri:0, instance:runner.Test_runner@7e0b85f9]" started-at="2024-11-15T13:42:30 IST" name="runScenario" description="Runs Cucumber Scenarios" data-provider="scenarios" finished-at="2024-11-15T13:42:34 IST" duration-ms="4117" status="PASS">
          <params>
            <param index="0">
              <value>
                <![CDATA["User logs in to Facebook with valid credentials"]]>
              </value>
            </param>
            <param index="1">
              <value>
                <![CDATA["Facebook Login"]]>
              </value>
            </param>
          </params>
          <reporter-output>
          </reporter-output>
        </test-method> <!-- runScenario -->
        <test-method is-config="true" signature="tearDownClass()[pri:0, instance:runner.Test_runner@7e0b85f9]" started-at="2024-11-15T13:42:34 IST" name="tearDownClass" finished-at="2024-11-15T13:42:34 IST" duration-ms="67" status="PASS">
          <reporter-output>
          </reporter-output>
        </test-method> <!-- tearDownClass -->
      </class> <!-- runner.Test_runner -->
    </test> <!-- Surefire test -->
  </suite> <!-- Surefire suite -->
</testng-results>
