<?xml version="1.0" encoding="UTF-8"?>
<testsuite xmlns:xsi="http://www.w3.org/2001/XMLSchema-instance" xsi:noNamespaceSchemaLocation="https://maven.apache.org/surefire/maven-surefire-plugin/xsd/surefire-test-report-3.0.xsd" version="3.0" name="runner.Test_runner" time="5.474" tests="1" errors="0" skipped="0" failures="0">
  <properties>
[...]
</properties>
  <testcase name="runScenario[&quot;User logs in to Facebook with valid credentials&quot;, &quot;Facebook Login&quot;](1)" classname="runner.Test_runner" time="4.128">
    <system-out><![CDATA[
Scenario: User logs in to Facebook with valid credentials &amp#27;[90m# src/test/resources/Features/Face_Book_Login.feature:3&amp#27;[0m
enter into login
  &amp#27;[32mGiven &amp#27;[0m&amp#27;[32mI am on the Facebook login page&amp#27;[0m                   &amp#27;[90m# step_Def.Login_Page_step.iAmOnTheFacebookLoginPage()&amp#27;[0m
  &amp#27;[32mWhen &amp#27;[0m&amp#27;[32mI enter my username and password&amp#27;[0m                   &amp#27;[90m# step_Def.Login_Page_step.iEnterMyUsernameAndPassword()&amp#27;[0m
Login Clicked
  &amp#27;[32mAnd &amp#27;[0m&amp#27;[32mI click the login button&amp#27;[0m                            &amp#27;[90m# step_Def.Login_Page_step.iClickTheLoginButton()&amp#27;[0m
Log in successful
  &amp#27;[32mThen &amp#27;[0m&amp#27;[32mI should be redirected to the Facebook home page&amp#27;[0m   &amp#27;[90m# step_Def.Login_Page_step.iShouldBeRedirectedToTheFacebookHomePage()&amp#27;[0m
]]></system-out>
    <system-err><![CDATA[SLF4J: Failed to load class "org.slf4j.impl.StaticLoggerBinder".
SLF4J: Defaulting to no-operation (NOP) logger implementation
SLF4J: See http://www.slf4j.org/codes.html#StaticLoggerBinder for further details.
ERROR StatusLogger Log4j2 could not find a logging implementation. Please add log4j-core to the classpath. Using SimpleLogger to log to the console...
Nov 15, 2024 1:42:33 PM org.openqa.selenium.devtools.CdpVersionFinder findNearestMatch
WARNING: Unable to find CDP implementation matching 131
Nov 15, 2024 1:42:33 PM org.openqa.selenium.chromium.ChromiumDriver lambda$new$5
WARNING: Unable to find version of CDP to use for 131.0.6778.70. You may need to include a dependency on a specific version of the CDP using something similar to `org.seleniumhq.selenium:selenium-devtools-v86:4.12.1` where the version ("v86") matches the version of the chromium-based browser you're using and the version number of the artifact is the same as Selenium's.
]]></system-err>
  </testcase>
</testsuite>